<?xml version="1.0" encoding="UTF-8"?>
<testng-results ignored="0" total="3" passed="3" failed="0" skipped="0">
  <reporter-output>
  </reporter-output>
  <suite started-at="2026-07-17T23:51:49 BDT" name="API Test Suite" finished-at="2026-07-17T23:51:56 BDT" duration-ms="6908">
    <groups>
    </groups>
    <test started-at="2026-07-17T23:51:49 BDT" name="User API" finished-at="2026-07-17T23:51:56 BDT" duration-ms="6908">
      <class name="tests.UserAPITest">
        <test-method is-config="true" signature="setup()[pri:0, instance:tests.UserAPITest@7674f035]" started-at="2026-07-17T23:51:49 BDT" name="setup" finished-at="2026-07-17T23:51:49 BDT" duration-ms="474" status="PASS">
          <reporter-output>
          </reporter-output>
        </test-method> <!-- setup -->
        <test-method signature="verifyGetUsers()[pri:0, instance:tests.UserAPITest@7674f035]" started-at="2026-07-17T23:51:49 BDT" name="verifyGetUsers" finished-at="2026-07-17T23:51:53 BDT" duration-ms="3322" status="PASS">
          <reporter-output>
          </reporter-output>
        </test-method> <!-- verifyGetUsers -->
      </class> <!-- tests.UserAPITest -->
      <class name="tests.CreateUserTest">
        <test-method is-config="true" signature="setup()[pri:0, instance:tests.CreateUserTest@27406a17]" started-at="2026-07-17T23:51:55 BDT" name="setup" finished-at="2026-07-17T23:51:55 BDT" duration-ms="0" status="PASS">
          <reporter-output>
          </reporter-output>
        </test-method> <!-- setup -->
        <test-method signature="verifyUserCreation()[pri:0, instance:tests.CreateUserTest@27406a17]" started-at="2026-07-17T23:51:55 BDT" name="verifyUserCreation" finished-at="2026-07-17T23:51:56 BDT" duration-ms="940" status="PASS">
          <reporter-output>
          </reporter-output>
        </test-method> <!-- verifyUserCreation -->
      </class> <!-- tests.CreateUserTest -->
      <class name="tests.UpdateUserTest">
        <test-method signature="verifyUserUpdate()[pri:0, instance:tests.UpdateUserTest@76b1e9b8]" started-at="2026-07-17T23:51:53 BDT" name="verifyUserUpdate" finished-at="2026-07-17T23:51:55 BDT" duration-ms="1933" status="PASS">
          <reporter-output>
          </reporter-output>
        </test-method> <!-- verifyUserUpdate -->
        <test-method is-config="true" signature="setup()[pri:0, instance:tests.UpdateUserTest@76b1e9b8]" started-at="2026-07-17T23:51:53 BDT" name="setup" finished-at="2026-07-17T23:51:53 BDT" duration-ms="0" status="PASS">
          <reporter-output>
          </reporter-output>
        </test-method> <!-- setup -->
      </class> <!-- tests.UpdateUserTest -->
    </test> <!-- User API -->
  </suite> <!-- API Test Suite -->
</testng-results>
