<?xml version="1.0" encoding="UTF-8"?>
<testng-results ignored="0" total="1" passed="1" failed="0" skipped="0">
  <reporter-output>
  </reporter-output>
  <suite started-at="2026-07-17T22:35:37 BDT" name="API Test Suite" finished-at="2026-07-17T22:35:42 BDT" duration-ms="4781">
    <groups>
    </groups>
    <test started-at="2026-07-17T22:35:37 BDT" name="User API" finished-at="2026-07-17T22:35:42 BDT" duration-ms="4781">
      <class name="tests.UpdateUserTest">
        <test-method is-config="true" signature="setup()[pri:0, instance:tests.UpdateUserTest@248e319b]" started-at="2026-07-17T22:35:37 BDT" name="setup" finished-at="2026-07-17T22:35:37 BDT" duration-ms="574" status="PASS">
          <reporter-output>
          </reporter-output>
        </test-method> <!-- setup -->
        <test-method signature="verifyUserUpdate()[pri:0, instance:tests.UpdateUserTest@248e319b]" started-at="2026-07-17T22:35:37 BDT" name="verifyUserUpdate" finished-at="2026-07-17T22:35:41 BDT" duration-ms="4002" status="PASS">
          <reporter-output>
          </reporter-output>
        </test-method> <!-- verifyUserUpdate -->
      </class> <!-- tests.UpdateUserTest -->
    </test> <!-- User API -->
  </suite> <!-- API Test Suite -->
</testng-results>
